<?xml version="1.0" encoding="UTF-8"?>
<!-- Generated by org.testng.reporters.JUnitReportReporter -->
<testsuite skipped="0" hostname="DESKTOP-MVSUV92" name="resources.ExtentReporterNG" tests="1" failures="0" timestamp="2021-08-10T10:28:56 PDT" time="24.365" errors="0">
  <testcase name="initialDemo" time="24.365" classname="resources.ExtentReporterNG"/>
  <system-out/>
</testsuite> <!-- resources.ExtentReporterNG -->
