<?xml version="1.0" encoding="UTF-8"?>
<!-- Generated by org.testng.reporters.JUnitReportReporter -->
<testsuite skipped="0" hostname="DESKTOP-MVSUV92" name="Academy.HomePage" tests="2" failures="0" timestamp="2021-08-10T11:55:51 PDT" time="26.776" errors="0">
  <testcase name="basePageNavigation" time="5.297" classname="Academy.HomePage"/>
  <system-out/>
  <testcase name="basePageNavigation" time="21.479" classname="Academy.HomePage"/>
  <system-out/>
</testsuite> <!-- Academy.HomePage -->
